<?xml version="1.0" encoding="UTF-8"?>
<!-- Generated by org.testng.reporters.JUnitReportReporter -->
<testsuite hostname="DESKTOP-TLD6UFT" failures="0" tests="1" name="com.sony.qa.test.auto.AutoClass" time="13.752" errors="0" timestamp="27 Jul 2022 06:01:47 GMT" skipped="0">
  <testcase classname="com.sony.qa.test.auto.AutoClass" name="getAAutoQuote" time="13.752"/>
</testsuite> <!-- com.sony.qa.test.auto.AutoClass -->
