<?xml version="1.0" encoding="UTF-8"?>
<!-- Generated by org.testng.reporters.JUnitReportReporter -->
<testsuite hostname="DESKTOP-TLD6UFT" failures="0" tests="1" name="com.sony.qa.base.BaseClass" time="6.129" errors="0" timestamp="23 Jul 2022 15:05:48 GMT" skipped="0">
  <testcase classname="com.sony.qa.base.BaseClass" name="setUp" time="6.129"/>
</testsuite> <!-- com.sony.qa.base.BaseClass -->
