<?xml version="1.0" encoding="UTF-8"?>
<!-- Generated by org.testng.reporters.JUnitReportReporter -->
<testsuite hostname="DESKTOP-TLD6UFT" failures="0" tests="2" name="com.sony.qa.test.auto.AutoClass" time="5.172" errors="0" timestamp="23 Jul 2022 13:58:08 GMT" skipped="0">
  <testcase classname="com.sony.qa.test.auto.AutoClass" name="setUp" time="5.166"/>
  <testcase classname="com.sony.qa.test.auto.AutoClass" name="getAAutoQuote" time="0.006"/>
</testsuite> <!-- com.sony.qa.test.auto.AutoClass -->
